app/build/outputs/logs/manifest-merger-debug-report.txt
-- Merging decision tree log ---
manifest
ADDED from src\main\AndroidManifest.xml:2:1-102:12
	package
		ADDED from src\main\AndroidManifest.xml:4:5-44
	android:versionName
		ADDED from src\main\AndroidManifest.xml:6:5-30
		INJECTED from src\main\AndroidManifest.xml
		INJECTED from src\main\AndroidManifest.xml
	xmlns:tools
		ADDED from src\main\AndroidManifest.xml:3:5-51
	android:versionCode
		ADDED from src\main\AndroidManifest.xml:5:5-28
		INJECTED from src\main\AndroidManifest.xml
		INJECTED from src\main\AndroidManifest.xml
	xmlns:android
		ADDED from src\main\AndroidManifest.xml:2:11-69
uses-sdk
ADDED from src\main\AndroidManifest.xml:8:5-10:41
MERGED from [com.jaredrummler:android-processes:1.0.9] AndroidManifest.xml:6:5-8:41
MERGED from [com.android.support:appcompat-v7:23.0.1] AndroidManifest.xml:20:5-43
MERGED from [com.android.support:support-v4:23.0.1] AndroidManifest.xml:20:5-43
	android:targetSdkVersion
		ADDED from src\main\AndroidManifest.xml:10:9-38
	android:minSdkVersion
		ADDED from src\main\AndroidManifest.xml:9:9-35
uses-feature#android.software.device_admin
ADDED from src\main\AndroidManifest.xml:12:5-14:35
	android:required
		ADDED from src\main\AndroidManifest.xml:14:9-32
	android:name
		ADDED from src\main\AndroidManifest.xml:13:9-53
uses-permission#android.permission.SET_WALLPAPER
ADDED from src\main\AndroidManifest.xml:16:5-72
	android:name
		ADDED from src\main\AndroidManifest.xml:16:22-69
uses-permission#android.permission.WRITE_EXTERNAL_STORAGE
ADDED from src\main\AndroidManifest.xml:17:5-81
	android:name
		ADDED from src\main\AndroidManifest.xml:17:22-78
uses-permission#android.permission.READ_EXTERNAL_STORAGE
ADDED from src\main\AndroidManifest.xml:18:5-80
	android:name
		ADDED from src\main\AndroidManifest.xml:18:22-77
uses-permission#android.permission.PACKAGE_USAGE_STATS
ADDED from src\main\AndroidManifest.xml:19:5-21:47
	tools:ignore
		ADDED from src\main\AndroidManifest.xml:21:9-44
	android:name
		ADDED from src\main\AndroidManifest.xml:20:9-62
uses-permission#android.permission.GET_TASKS
ADDED from src\main\AndroidManifest.xml:22:5-68
	android:name
		ADDED from src\main\AndroidManifest.xml:22:22-65
uses-permission#android.permission.INTERNET
ADDED from src\main\AndroidManifest.xml:25:5-67
	android:name
		ADDED from src\main\AndroidManifest.xml:25:22-64
uses-permission#android.permission.ACCESS_NETWORK_STATE
ADDED from src\main\AndroidManifest.xml:28:5-79
	android:name
		ADDED from src\main\AndroidManifest.xml:28:22-76
uses-permission#android.permission.ACCESS_WIFI_STATE
ADDED from src\main\AndroidManifest.xml:29:5-76
	android:name
		ADDED from src\main\AndroidManifest.xml:29:22-73
uses-permission#android.permission.CHANGE_WIFI_STATE
ADDED from src\main\AndroidManifest.xml:30:5-76
	android:name
		ADDED from src\main\AndroidManifest.xml:30:22-73
uses-permission#android.permission.BLUETOOTH
ADDED from src\main\AndroidManifest.xml:31:5-68
	android:name
		ADDED from src\main\AndroidManifest.xml:31:22-65
uses-permission#android.permission.BLUETOOTH_ADMIN
ADDED from src\main\AndroidManifest.xml:32:5-74
	android:name
		ADDED from src\main\AndroidManifest.xml:32:22-71
uses-permission#android.permission.READ_PHONE_STATE
ADDED from src\main\AndroidManifest.xml:34:5-75
	android:name
		ADDED from src\main\AndroidManifest.xml:34:22-72
uses-permission#android.permission.MODIFY_PHONE_STATE
ADDED from src\main\AndroidManifest.xml:35:5-77
	android:name
		ADDED from src\main\AndroidManifest.xml:35:22-74
uses-permission#android.permission.PROCESS_OUTGOING_CALLS
ADDED from src\main\AndroidManifest.xml:36:5-81
	android:name
		ADDED from src\main\AndroidManifest.xml:36:22-78
uses-permission#android.permission.CALL_PHONE
ADDED from src\main\AndroidManifest.xml:37:5-69
	android:name
		ADDED from src\main\AndroidManifest.xml:37:22-66
uses-permission#android.permission.RECEIVE_BOOT_COMPLETED
ADDED from src\main\AndroidManifest.xml:39:5-81
	android:name
		ADDED from src\main\AndroidManifest.xml:39:22-78
application
ADDED from src\main\AndroidManifest.xml:41:5-100:19
MERGED from [com.android.support:appcompat-v7:23.0.1] AndroidManifest.xml:22:5-20
MERGED from [com.android.support:support-v4:23.0.1] AndroidManifest.xml:22:5-20
	android:label
		ADDED from src\main\AndroidManifest.xml:43:9-41
	android:icon
		ADDED from src\main\AndroidManifest.xml:42:9-45
activity#com.nexti.android.dragonglass.view.activity.main.LockMeNowActivity
ADDED from src\main\AndroidManifest.xml:44:9-52:20
	android:label
		ADDED from src\main\AndroidManifest.xml:46:13-45
	android:name
		ADDED from src\main\AndroidManifest.xml:45:13-65
intent-filter#android.intent.action.MAIN+android.intent.category.LAUNCHER
ADDED from src\main\AndroidManifest.xml:47:13-51:29
action#android.intent.action.MAIN
ADDED from src\main\AndroidManifest.xml:48:17-69
	android:name
		ADDED from src\main\AndroidManifest.xml:48:25-66
category#android.intent.category.LAUNCHER
ADDED from src\main\AndroidManifest.xml:50:17-77
	android:name
		ADDED from src\main\AndroidManifest.xml:50:27-74
receiver#com.nexti.android.dragonglass.listener.AdminReceiver
ADDED from src\main\AndroidManifest.xml:54:9-64:20
	android:permission
		ADDED from src\main\AndroidManifest.xml:56:13-70
	android:name
		ADDED from src\main\AndroidManifest.xml:55:13-51
meta-data#android.app.device_admin
ADDED from src\main\AndroidManifest.xml:57:13-59:56
	android:resource
		ADDED from src\main\AndroidManifest.xml:59:17-53
	android:name
		ADDED from src\main\AndroidManifest.xml:58:17-56
intent-filter#android.app.action.DEVICE_ADMIN_ENABLED
ADDED from src\main\AndroidManifest.xml:61:13-63:29
action#android.app.action.DEVICE_ADMIN_ENABLED
ADDED from src\main\AndroidManifest.xml:62:17-82
	android:name
		ADDED from src\main\AndroidManifest.xml:62:25-79
service#com.nexti.android.dragonglass.service.LockMeNowService
ADDED from src\main\AndroidManifest.xml:66:9-69:39
	android:enabled
		ADDED from src\main\AndroidManifest.xml:68:13-35
	android:exported
		ADDED from src\main\AndroidManifest.xml:69:13-36
	android:name
		ADDED from src\main\AndroidManifest.xml:67:13-53
service#com.nexti.android.dragonglass.network.BaseRetrofitSpiceService
ADDED from src\main\AndroidManifest.xml:70:9-69
	android:name
		ADDED from src\main\AndroidManifest.xml:70:18-66
service#com.nexti.android.dragonglass.service.UpdateServerDataService
ADDED from src\main\AndroidManifest.xml:71:9-74:38
	android:enabled
		ADDED from src\main\AndroidManifest.xml:73:13-35
	android:exported
		ADDED from src\main\AndroidManifest.xml:74:13-36
	android:name
		ADDED from src\main\AndroidManifest.xml:72:13-60
activity#com.nexti.android.dragonglass.view.activity.unlock.UnlockActivity
ADDED from src\main\AndroidManifest.xml:76:9-78:82
	android:parentActivityName
		ADDED from src\main\AndroidManifest.xml:78:13-79
	android:name
		ADDED from src\main\AndroidManifest.xml:77:13-64
activity#com.nexti.android.dragonglass.view.activity.main.ConnectionLockActivity
ADDED from src\main\AndroidManifest.xml:79:9-79
	android:name
		ADDED from src\main\AndroidManifest.xml:79:19-76
receiver#com.nexti.android.dragonglass.listener.OutgoingCallReceiver
ADDED from src\main\AndroidManifest.xml:89:9-93:20
	android:name
		ADDED from src\main\AndroidManifest.xml:89:19-64
intent-filter#android.intent.action.NEW_OUTGOING_CALL
ADDED from src\main\AndroidManifest.xml:90:13-92:29
	android:priority
		ADDED from src\main\AndroidManifest.xml:90:28-48
action#android.intent.action.NEW_OUTGOING_CALL
ADDED from src\main\AndroidManifest.xml:91:17-82
	android:name
		ADDED from src\main\AndroidManifest.xml:91:25-79
receiver#com.nexti.android.dragonglass.listener.IncomingCallReceiver
ADDED from src\main\AndroidManifest.xml:94:9-98:20
	android:name
		ADDED from src\main\AndroidManifest.xml:94:19-64
intent-filter#android.intent.action.PHONE_STATE
ADDED from src\main\AndroidManifest.xml:95:13-97:29
action#android.intent.action.PHONE_STATE
ADDED from src\main\AndroidManifest.xml:96:17-76
	android:name
		ADDED from src\main\AndroidManifest.xml:96:25-73